<?xml version="1.0" encoding="UTF-8"?>
<!-- Generated by org.testng.reporters.JUnitXMLReporter -->
<testsuite ignored="0" hostname="HYD-LW-21-0919" failures="0" tests="3" name="Test" time="28.972" errors="0" timestamp="2024-05-20T10:49:51 IST">
  <testcase classname="com.qa.tests.LoginTests" name="invalidUserName" time="5.158"/>
  <testcase classname="com.qa.tests.LoginTests" name="invalidPassword" time="3.068"/>
  <testcase classname="com.qa.tests.LoginTests" name="successfuLogin" time="5.187"/>
</testsuite> <!-- Test -->
