<?xml version="1.0" encoding="UTF-8"?>
<testng-results ignored="0" total="3" passed="3" failed="0" skipped="0">
  <reporter-output>
  </reporter-output>
  <suite started-at="2024-05-20T10:49:22 IST" name="Suite" finished-at="2024-05-20T10:49:51 IST" duration-ms="28972">
    <groups>
    </groups>
    <test started-at="2024-05-20T10:49:22 IST" name="Test" finished-at="2024-05-20T10:49:51 IST" duration-ms="28972">
      <class name="com.qa.tests.LoginTests">
        <test-method is-config="true" signature="beforeTest(java.lang.String,java.lang.String,java.lang.String)[pri:0, instance:com.qa.tests.LoginTests@7586beff]" started-at="2024-05-20T10:49:22 IST" name="beforeTest" finished-at="2024-05-20T10:49:37 IST" duration-ms="14738" status="PASS">
          <params>
            <param index="0">
              <value>
                <![CDATA[Android]]>
              </value>
            </param>
            <param index="1">
              <value>
                <![CDATA[11.0]]>
              </value>
            </param>
            <param index="2">
              <value>
                <![CDATA[pixel_5]]>
              </value>
            </param>
          </params>
          <reporter-output>
          </reporter-output>
        </test-method> <!-- beforeTest -->
        <test-method is-config="true" signature="beforeMethod(java.lang.reflect.Method)[pri:0, instance:com.qa.tests.LoginTests@7586beff]" started-at="2024-05-20T10:49:37 IST" name="beforeMethod" finished-at="2024-05-20T10:49:37 IST" duration-ms="755" status="PASS">
          <params>
            <param index="0">
              <value>
                <![CDATA[public void com.qa.tests.LoginTests.invalidUserName()]]>
              </value>
            </param>
          </params>
          <reporter-output>
          </reporter-output>
        </test-method> <!-- beforeMethod -->
        <test-method signature="invalidUserName()[pri:1, instance:com.qa.tests.LoginTests@7586beff]" started-at="2024-05-20T10:49:37 IST" name="invalidUserName" finished-at="2024-05-20T10:49:42 IST" duration-ms="5158" status="PASS">
          <reporter-output>
          </reporter-output>
        </test-method> <!-- invalidUserName -->
        <test-method is-config="true" signature="beforeMethod(java.lang.reflect.Method)[pri:0, instance:com.qa.tests.LoginTests@7586beff]" started-at="2024-05-20T10:49:42 IST" name="beforeMethod" finished-at="2024-05-20T10:49:42 IST" duration-ms="2" status="PASS">
          <params>
            <param index="0">
              <value>
                <![CDATA[public void com.qa.tests.LoginTests.invalidPassword()]]>
              </value>
            </param>
          </params>
          <reporter-output>
          </reporter-output>
        </test-method> <!-- beforeMethod -->
        <test-method signature="invalidPassword()[pri:2, instance:com.qa.tests.LoginTests@7586beff]" started-at="2024-05-20T10:49:42 IST" name="invalidPassword" finished-at="2024-05-20T10:49:46 IST" duration-ms="3068" status="PASS">
          <reporter-output>
          </reporter-output>
        </test-method> <!-- invalidPassword -->
        <test-method is-config="true" signature="beforeMethod(java.lang.reflect.Method)[pri:0, instance:com.qa.tests.LoginTests@7586beff]" started-at="2024-05-20T10:49:46 IST" name="beforeMethod" finished-at="2024-05-20T10:49:46 IST" duration-ms="4" status="PASS">
          <params>
            <param index="0">
              <value>
                <![CDATA[public void com.qa.tests.LoginTests.successfuLogin() throws java.lang.Exception]]>
              </value>
            </param>
          </params>
          <reporter-output>
          </reporter-output>
        </test-method> <!-- beforeMethod -->
        <test-method signature="successfuLogin()[pri:3, instance:com.qa.tests.LoginTests@7586beff]" started-at="2024-05-20T10:49:46 IST" name="successfuLogin" finished-at="2024-05-20T10:49:51 IST" duration-ms="5187" status="PASS">
          <reporter-output>
          </reporter-output>
        </test-method> <!-- successfuLogin -->
        <test-method is-config="true" signature="afterTest()[pri:0, instance:com.qa.tests.LoginTests@7586beff]" started-at="2024-05-20T10:49:51 IST" name="afterTest" finished-at="2024-05-20T10:49:51 IST" duration-ms="0" status="PASS">
          <reporter-output>
          </reporter-output>
        </test-method> <!-- afterTest -->
      </class> <!-- com.qa.tests.LoginTests -->
    </test> <!-- Test -->
  </suite> <!-- Suite -->
</testng-results>
